#
# A fatal error has been detected by the Java Runtime Environment:
#
#  EXCEPTION_ACCESS_VIOLATION (0xc0000005) at pc=0x0000000070a4db86, pid=1268, tid=0x0000000000002a40
#
# JRE version: Java(TM) SE Runtime Environment (8.0_151-b12) (build 1.8.0_151-b12)
# Java VM: Java HotSpot(TM) 64-Bit Server VM (25.151-b12 mixed mode windows-amd64 compressed oops)
# Problematic frame:
# V  [jvm.dll+0x1ddb86]
#
# Failed to write core dump. Minidumps are not enabled by default on client versions of Windows
#
# If you would like to submit a bug report, please visit:
#   http://bugreport.java.com/bugreport/crash.jsp
#

---------------  T H R E A D  ---------------

Current thread (0x00000000024bc000):  JavaThread "main" [_thread_in_vm, id=10816, stack(0x0000000002840000,0x0000000002940000)]

siginfo: ExceptionCode=0xc0000005, reading address 0x0000000000000068

Registers:
RAX=0x0000000000000000, RBX=0x00000000024bc000, RCX=0x0000000000000c00, RDX=0x000000000293f3c0
RSP=0x000000000293f360, RBP=0x0000000000000068, RSI=0x0000000000000000, RDI=0x0000000000000000
R8 =0x0000000000000000, R9 =0x0000000000000068, R10=0x0000000002a53a8f, R11=0x0000000002a53a58
R12=0x00000000024bc1f8, R13=0x000000000293f418, R14=0x000000000293f4b0, R15=0x00000000024bc000
RIP=0x0000000070a4db86, EFLAGS=0x0000000000010202

Top of Stack: (sp=0x000000000293f360)
0x000000000293f360:   0000000019412408 00000000194112f8
0x000000000293f370:   00000000024bc000 00000000024bc000
0x000000000293f380:   0000000000000000 0000000002947f10
0x000000000293f390:   0000000019675668 0000000002a53b0d
0x000000000293f3a0:   0000000019412408 00000000194112f8
0x000000000293f3b0:   000000000293f400 00000000194123eb
0x000000000293f3c0:   00000007809089a0 0000000000000000
0x000000000293f3d0:   0000000019675668 00000000000000b6
0x000000000293f3e0:   000000000293f478 000000000297314c
0x000000000293f3f0:   0000000000000300 00000000000000b6
0x000000000293f400:   000000000293f478 0000000002948180
0x000000000293f410:   0000000002948180 0000000000000068
0x000000000293f420:   0000000019675668 0000000000000000
0x000000000293f430:   00000007809089a0 000000000293f438
0x000000000293f440:   00000000194123eb 000000000293f4b0
0x000000000293f450:   000000001943de08 0000000000000000 

Instructions: (pc=0x0000000070a4db86)
0x0000000070a4db66:   06 00 c7 83 70 02 00 00 06 00 00 00 48 8b c7 48
0x0000000070a4db76:   85 f6 74 03 48 8b 06 40 38 3d 5c 09 63 00 74 28
0x0000000070a4db86:   8b 04 28 89 44 24 40 8b 44 24 40 85 c0 74 12 8b
0x0000000070a4db96:   0d fd 3b 5c 00 8b f8 48 d3 e7 48 03 3d e9 3b 5c 


Register to memory mapping:

RAX=0x0000000000000000 is an unknown value
RBX=0x00000000024bc000 is a thread
RCX=0x0000000000000c00 is an unknown value
RDX=0x000000000293f3c0 is pointing into the stack for thread: 0x00000000024bc000
RSP=0x000000000293f360 is pointing into the stack for thread: 0x00000000024bc000
RBP=0x0000000000000068 is an unknown value
RSI=0x0000000000000000 is an unknown value
RDI=0x0000000000000000 is an unknown value
R8 =0x0000000000000000 is an unknown value
R9 =0x0000000000000068 is an unknown value
R10=0x0000000002a53a8f is at entry_point+79 in (nmethod*)0x0000000002a538d0
R11=0x0000000002a53a58 is at entry_point+24 in (nmethod*)0x0000000002a538d0
R12=0x00000000024bc1f8 is an unknown value
R13=0x000000000293f418 is pointing into the stack for thread: 0x00000000024bc000
R14=0x000000000293f4b0 is pointing into the stack for thread: 0x00000000024bc000
R15=0x00000000024bc000 is a thread


Stack: [0x0000000002840000,0x0000000002940000],  sp=0x000000000293f360,  free space=1020k
Native frames: (J=compiled Java code, j=interpreted, Vv=VM code, C=native code)
V  [jvm.dll+0x1ddb86]
C  0x0000000002a53b0d

Java frames: (J=compiled Java code, j=interpreted, Vv=VM code)
J 30  sun.misc.Unsafe.getObjectVolatile(Ljava/lang/Object;J)Ljava/lang/Object; (0 bytes) @ 0x0000000002a53a8f [0x0000000002a53a40+0x4f]
j  sun.misc.Unsafe.getAndSetObject(Ljava/lang/Object;JLjava/lang/Object;)Ljava/lang/Object;+3
j  test.Q1.main([Ljava/lang/String;)V+74
v  ~StubRoutines::call_stub

---------------  P R O C E S S  ---------------

Java Threads: ( => current thread )
  0x000000001c26f800 JavaThread "Service Thread" daemon [_thread_blocked, id=11792, stack(0x000000001c6d0000,0x000000001c7d0000)]
  0x000000001c235000 JavaThread "C1 CompilerThread2" daemon [_thread_blocked, id=10212, stack(0x000000001c460000,0x000000001c560000)]
  0x000000001c1f5800 JavaThread "C2 CompilerThread1" daemon [_thread_in_native, id=10704, stack(0x000000001c5b0000,0x000000001c6b0000)]
  0x000000001c004000 JavaThread "C2 CompilerThread0" daemon [_thread_in_native, id=9236, stack(0x000000001c2d0000,0x000000001c3d0000)]
  0x000000001b277000 JavaThread "JDWP Command Reader" daemon [_thread_in_native, id=7596, stack(0x000000001b980000,0x000000001ba80000)]
  0x000000001b273800 JavaThread "JDWP Event Helper Thread" daemon [_thread_blocked, id=6992, stack(0x000000001b7f0000,0x000000001b8f0000)]
  0x000000001b268800 JavaThread "JDWP Transport Listener: dt_socket" daemon [_thread_blocked, id=12252, stack(0x000000001b630000,0x000000001b730000)]
  0x000000001b234800 JavaThread "Attach Listener" daemon [_thread_blocked, id=5780, stack(0x000000001acd0000,0x000000001add0000)]
  0x000000001b233800 JavaThread "Signal Dispatcher" daemon [_thread_blocked, id=11088, stack(0x000000001b030000,0x000000001b130000)]
  0x0000000019d76000 JavaThread "Finalizer" daemon [_thread_blocked, id=10176, stack(0x000000001b130000,0x000000001b230000)]
  0x0000000019d2f000 JavaThread "Reference Handler" daemon [_thread_blocked, id=7304, stack(0x000000001af00000,0x000000001b000000)]
=>0x00000000024bc000 JavaThread "main" [_thread_in_vm, id=10816, stack(0x0000000002840000,0x0000000002940000)]

Other Threads:
  0x0000000019d27800 VMThread [stack: 0x000000001add0000,0x000000001aed0000] [id=11608]
  0x000000001c866000 WatcherThread [stack: 0x000000001d980000,0x000000001da80000] [id=6368]

VM state:not at safepoint (normal execution)

VM Mutex/Monitor currently owned by a thread: None

Heap:
 PSYoungGen      total 57344K, used 10623K [0x0000000780900000, 0x0000000784900000, 0x00000007c0000000)
  eden space 49152K, 21% used [0x0000000780900000,0x000000078135fcd8,0x0000000783900000)
  from space 8192K, 0% used [0x0000000784100000,0x0000000784100000,0x0000000784900000)
  to   space 8192K, 0% used [0x0000000783900000,0x0000000783900000,0x0000000784100000)
 ParOldGen       total 131072K, used 0K [0x0000000701a00000, 0x0000000709a00000, 0x0000000780900000)
  object space 131072K, 0% used [0x0000000701a00000,0x0000000701a00000,0x0000000709a00000)
 Metaspace       used 3401K, capacity 4600K, committed 4864K, reserved 1056768K
  class space    used 363K, capacity 424K, committed 512K, reserved 1048576K

Card table byte_map: [0x0000000011d00000,0x0000000012300000] byte_map_base: 0x000000000e4f3000

Marking Bits: (ParMarkBitMap*) 0x000000007108d850
 Begin Bits: [0x0000000012e60000, 0x0000000015df8000)
 End Bits:   [0x0000000015df8000, 0x0000000018d90000)

Polling page: 0x0000000000330000

CodeCache: size=245760Kb used=1169Kb max_used=1181Kb free=244590Kb
 bounds [0x0000000002940000, 0x0000000002bb0000, 0x0000000011940000]
 total_blobs=292 nmethods=51 adapters=162
 compilation: enabled

Compilation events (10 events):
Event: 0.930 Thread 0x000000001c235000 nmethod 48 0x0000000002a65010 code [0x0000000002a65160, 0x0000000002a65270]
Event: 0.930 Thread 0x000000001c235000   49       1       java.nio.Buffer::position (5 bytes)
Event: 0.930 Thread 0x000000001c235000 nmethod 49 0x0000000002a64d50 code [0x0000000002a64ea0, 0x0000000002a64fb0]
Event: 0.930 Thread 0x000000001c235000   50       3       java.lang.String::lastIndexOf (13 bytes)
Event: 0.930 Thread 0x000000001c235000 nmethod 50 0x0000000002a64910 code [0x0000000002a64a80, 0x0000000002a64ca8]
Event: 0.930 Thread 0x000000001c1f5800   51 %     4       sun.nio.cs.UTF_8$Encoder::encode @ 20 (359 bytes)
Event: 0.932 Thread 0x000000001c235000   52       3       java.lang.StringBuilder::toString (17 bytes)
Event: 0.932 Thread 0x000000001c235000 nmethod 52 0x0000000002a644d0 code [0x0000000002a64640, 0x0000000002a64848]
Event: 0.937 Thread 0x000000001c1f5800 nmethod 51% 0x0000000002a67cd0 code [0x0000000002a67e20, 0x0000000002a68318]
Event: 0.937 Thread 0x000000001c1f5800   53 %     4       java.lang.String::indexOf @ 53 (166 bytes)

GC Heap History (0 events):
No events

Deoptimization events (0 events):
No events

Internal exceptions (10 events):
Event: 0.780 Thread 0x00000000024bc000 Exception <a 'java/security/PrivilegedActionException'> (0x0000000780fdcd00) thrown at [C:\re\workspace\8-2-build-windows-amd64-cygwin\jdk8u151\9699\hotspot\src\share\vm\prims\jvm.cpp, line 1390]
Event: 0.780 Thread 0x00000000024bc000 Exception <a 'java/security/PrivilegedActionException'> (0x0000000780fdcf10) thrown at [C:\re\workspace\8-2-build-windows-amd64-cygwin\jdk8u151\9699\hotspot\src\share\vm\prims\jvm.cpp, line 1390]
Event: 0.780 Thread 0x00000000024bc000 Exception <a 'java/security/PrivilegedActionException'> (0x0000000780fde580) thrown at [C:\re\workspace\8-2-build-windows-amd64-cygwin\jdk8u151\9699\hotspot\src\share\vm\prims\jvm.cpp, line 1390]
Event: 0.780 Thread 0x00000000024bc000 Exception <a 'java/security/PrivilegedActionException'> (0x0000000780fde790) thrown at [C:\re\workspace\8-2-build-windows-amd64-cygwin\jdk8u151\9699\hotspot\src\share\vm\prims\jvm.cpp, line 1390]
Event: 0.781 Thread 0x00000000024bc000 Exception <a 'java/security/PrivilegedActionException'> (0x0000000780fdfdc0) thrown at [C:\re\workspace\8-2-build-windows-amd64-cygwin\jdk8u151\9699\hotspot\src\share\vm\prims\jvm.cpp, line 1390]
Event: 0.781 Thread 0x00000000024bc000 Exception <a 'java/security/PrivilegedActionException'> (0x0000000780fdffd0) thrown at [C:\re\workspace\8-2-build-windows-amd64-cygwin\jdk8u151\9699\hotspot\src\share\vm\prims\jvm.cpp, line 1390]
Event: 0.782 Thread 0x00000000024bc000 Exception <a 'java/security/PrivilegedActionException'> (0x0000000780fe1658) thrown at [C:\re\workspace\8-2-build-windows-amd64-cygwin\jdk8u151\9699\hotspot\src\share\vm\prims\jvm.cpp, line 1390]
Event: 0.782 Thread 0x00000000024bc000 Exception <a 'java/security/PrivilegedActionException'> (0x0000000780fe1868) thrown at [C:\re\workspace\8-2-build-windows-amd64-cygwin\jdk8u151\9699\hotspot\src\share\vm\prims\jvm.cpp, line 1390]
Event: 0.784 Thread 0x00000000024bc000 Exception <a 'java/security/PrivilegedActionException'> (0x0000000780fea458) thrown at [C:\re\workspace\8-2-build-windows-amd64-cygwin\jdk8u151\9699\hotspot\src\share\vm\prims\jvm.cpp, line 1390]
Event: 0.784 Thread 0x00000000024bc000 Exception <a 'java/security/PrivilegedActionException'> (0x0000000780fea668) thrown at [C:\re\workspace\8-2-build-windows-amd64-cygwin\jdk8u151\9699\hotspot\src\share\vm\prims\jvm.cpp, line 1390]

Events (10 events):
Event: 0.924 loading class test/Singleton
Event: 0.924 loading class test/Singleton done
Event: 0.930 loading class test/utils/GetUnsafe
Event: 0.930 loading class test/utils/GetUnsafe done
Event: 0.933 loading class sun/reflect/UnsafeFieldAccessorFactory
Event: 0.933 loading class sun/reflect/UnsafeFieldAccessorFactory done
Event: 0.933 loading class sun/reflect/UnsafeQualifiedStaticObjectFieldAccessorImpl
Event: 0.933 loading class sun/reflect/UnsafeQualifiedStaticFieldAccessorImpl
Event: 0.933 loading class sun/reflect/UnsafeQualifiedStaticFieldAccessorImpl done
Event: 0.933 loading class sun/reflect/UnsafeQualifiedStaticObjectFieldAccessorImpl done


Dynamic libraries:
0x000000013fff0000 - 0x0000000140027000 	C:\Program Files\Java\jdk1.8.0_151\bin\java.exe
0x0000000077a30000 - 0x0000000077bcf000 	C:\windows\SYSTEM32\ntdll.dll
0x0000000077810000 - 0x000000007792f000 	C:\windows\system32\kernel32.dll
0x000007fefda80000 - 0x000007fefdaea000 	C:\windows\system32\KERNELBASE.dll
0x000007feff070000 - 0x000007feff14b000 	C:\windows\system32\ADVAPI32.dll
0x000007feff720000 - 0x000007feff7bf000 	C:\windows\system32\msvcrt.dll
0x000007fefecd0000 - 0x000007fefecef000 	C:\windows\SYSTEM32\sechost.dll
0x000007feff550000 - 0x000007feff67d000 	C:\windows\system32\RPCRT4.dll
0x0000000077930000 - 0x0000000077a2a000 	C:\windows\system32\USER32.dll
0x000007feff7c0000 - 0x000007feff827000 	C:\windows\system32\GDI32.dll
0x000007fefefc0000 - 0x000007fefefce000 	C:\windows\system32\LPK.dll
0x000007fefecf0000 - 0x000007fefedbb000 	C:\windows\system32\USP10.dll
0x000007fefbc90000 - 0x000007fefbe84000 	C:\windows\WinSxS\amd64_microsoft.windows.common-controls_6595b64144ccf1df_6.0.7601.18837_none_fa3b1e3d17594757\COMCTL32.dll
0x000007feff3c0000 - 0x000007feff431000 	C:\windows\system32\SHLWAPI.dll
0x000007feff1b0000 - 0x000007feff1de000 	C:\windows\system32\IMM32.DLL
0x000007feff440000 - 0x000007feff549000 	C:\windows\system32\MSCTF.dll
0x0000000079600000 - 0x00000000796d2000 	C:\Program Files\Java\jdk1.8.0_151\jre\bin\msvcr100.dll
0x0000000070870000 - 0x000000007110d000 	C:\Program Files\Java\jdk1.8.0_151\jre\bin\server\jvm.dll
0x000007feee0c0000 - 0x000007feee0c9000 	C:\windows\system32\WSOCK32.dll
0x000007feff1e0000 - 0x000007feff22d000 	C:\windows\system32\WS2_32.dll
0x000007feffa10000 - 0x000007feffa18000 	C:\windows\system32\NSI.dll
0x000007fefbb60000 - 0x000007fefbb9b000 	C:\windows\system32\WINMM.dll
0x000007fefc8b0000 - 0x000007fefc8bc000 	C:\windows\system32\VERSION.dll
0x0000000077bd0000 - 0x0000000077bd7000 	C:\windows\system32\PSAPI.DLL
0x0000000053ff0000 - 0x0000000053fff000 	C:\Program Files\Java\jdk1.8.0_151\jre\bin\verify.dll
0x0000000050e60000 - 0x0000000050e89000 	C:\Program Files\Java\jdk1.8.0_151\jre\bin\java.dll
0x000000006d760000 - 0x000000006d795000 	C:\Program Files\Java\jdk1.8.0_151\jre\bin\jdwp.dll
0x0000000000350000 - 0x0000000000358000 	C:\Program Files\Java\jdk1.8.0_151\jre\bin\npt.dll
0x000000006d2c0000 - 0x000000006d2e3000 	C:\Program Files\Java\jdk1.8.0_151\jre\bin\instrument.dll
0x0000000050e40000 - 0x0000000050e56000 	C:\Program Files\Java\jdk1.8.0_151\jre\bin\zip.dll
0x000007fefde60000 - 0x000007fefebeb000 	C:\windows\system32\SHELL32.dll
0x000007fefedc0000 - 0x000007fefefbd000 	C:\windows\system32\ole32.dll
0x000007fefd7e0000 - 0x000007fefd7ef000 	C:\windows\system32\profapi.dll
0x000000006d270000 - 0x000000006d279000 	C:\Program Files\Java\jdk1.8.0_151\jre\bin\dt_socket.dll
0x000007fefcfa0000 - 0x000007fefcff5000 	C:\windows\system32\mswsock.dll
0x000007fefc980000 - 0x000007fefc987000 	C:\windows\System32\wshtcpip.dll
0x000007fef6cb0000 - 0x000007fef6dd5000 	C:\windows\system32\dbghelp.dll

VM Arguments:
jvm_args: -agentlib:jdwp=transport=dt_socket,address=127.0.0.1:61268,suspend=y,server=n -javaagent:C:\Users\Administrator\AppData\Local\Temp\capture54802jars\debugger-agent.jar=file:/C:/Users/Administrator/AppData/Local/Temp/capture34682.props -Dfile.encoding=UTF-8 
java_command: test.Q1
java_class_path (initial): C:\Program Files\Java\jdk1.8.0_151\jre\lib\charsets.jar;C:\Program Files\Java\jdk1.8.0_151\jre\lib\deploy.jar;C:\Program Files\Java\jdk1.8.0_151\jre\lib\ext\access-bridge-64.jar;C:\Program Files\Java\jdk1.8.0_151\jre\lib\ext\cldrdata.jar;C:\Program Files\Java\jdk1.8.0_151\jre\lib\ext\dnsns.jar;C:\Program Files\Java\jdk1.8.0_151\jre\lib\ext\jaccess.jar;C:\Program Files\Java\jdk1.8.0_151\jre\lib\ext\jfxrt.jar;C:\Program Files\Java\jdk1.8.0_151\jre\lib\ext\localedata.jar;C:\Program Files\Java\jdk1.8.0_151\jre\lib\ext\nashorn.jar;C:\Program Files\Java\jdk1.8.0_151\jre\lib\ext\sunec.jar;C:\Program Files\Java\jdk1.8.0_151\jre\lib\ext\sunjce_provider.jar;C:\Program Files\Java\jdk1.8.0_151\jre\lib\ext\sunmscapi.jar;C:\Program Files\Java\jdk1.8.0_151\jre\lib\ext\sunpkcs11.jar;C:\Program Files\Java\jdk1.8.0_151\jre\lib\ext\zipfs.jar;C:\Program Files\Java\jdk1.8.0_151\jre\lib\javaws.jar;C:\Program Files\Java\jdk1.8.0_151\jre\lib\jce.jar;C:\Program Files\Java\jdk1.8.0_151\jre\lib\jfr.jar;C:\Program Files\Java\jdk1.8.0_151\jre\lib\jfxswt.jar;C:\Program Files\Java\jdk1.8.0_151\jre\lib\jsse.jar;C:\Program Files\Java\jdk1.8.0_151\jre\lib\management-agent.jar;C:\Program Files\Java\jdk1.8.0_151\jre\lib\plugin.jar;C:\Program Files\Java\jdk1.8.0_151\jre\lib\resources.jar;C:\Program Files\Java\jdk1.8.0_151\jre\lib\rt.jar;E:\zzh\codes\own\common\target\classes;E:\zzh\codes\own\common\tools.jar;C:\Users\Administrator\.m2\repository\org\slf4j\slf4j-api\1.7.8\slf4j-api-1.7.8.jar;C:\Users\Administrator\.m2\repository\org\apache\logging\log4j\log4j-api\2.1\log4j-api-2.1.jar;C:\Users\Administrator\.m2\repository\commons-net\commons-net\1.4.1\commons-net-1.4.1.jar;C:\Users\Administrator\.m2\repository\oro\oro\2.0.8\oro-2.0.8.jar;C:\Users\Administrator\.m2\repository\org\yatech\jedis\jedis-utils\0.4.0\jedis-utils-0.4.0.jar;C:\Users\Administrator\.m2\repository\redis\clients\jedis\2.9.0\jedis-2.9.0.jar;C:\Users\Administrator\.m2\repository\org\apache\commons\commons-p
Launcher Type: SUN_STANDARD

Environment Variables:
JAVA_HOME=C:\Program Files\Java\jdk1.8.0_151
CLASSPATH=.;C:\Program Files\Java\jdk1.8.0_151\lib\dt.jar;C:\Program Files\Java\jdk1.8.0_151\lib\tools.jar;
PATH=C:\windows\system32;C:\windows;C:\windows\System32\Wbem;C:\windows\System32\WindowsPowerShell\v1.0\;C:\Program Files\Java\jdk1.8.0_151\bin;C:\Program Files\Java\jdk1.8.0_151\jre\bin;C:\Program Files\Git\cmd;C:\Program Files\PuTTY\;E:\apache-maven-3.5.3\bin;E:\IDEA\SDK\platform-tools;E:\IDEA\SDK\tools;E:\IDEA\SDK\build-tools\27.0.0;C:\Program Files\nodejs\;E:\gradle-2.14.1\bin;C:\Redis;E:\curl-7.59.0\bin;C:\Users\Administrator\AppData\Roaming\npm;C:\Program Files\Docker Toolbox
USERNAME=Administrator
OS=Windows_NT
PROCESSOR_IDENTIFIER=Intel64 Family 6 Model 61 Stepping 4, GenuineIntel



---------------  S Y S T E M  ---------------

OS: Windows 7 , 64 bit Build 7601 (6.1.7601.24000)

CPU:total 4 (initial active 4) (2 cores per cpu, 2 threads per core) family 6 model 61 stepping 4, cmov, cx8, fxsr, mmx, sse, sse2, sse3, ssse3, sse4.1, sse4.2, popcnt, avx, avx2, aes, clmul, erms, rtm, 3dnowpref, lzcnt, ht, tsc, tscinvbit, bmi1, bmi2, adx

Memory: 4k page, physical 12468704k(3209260k free), swap 24935532k(13057144k free)

vm_info: Java HotSpot(TM) 64-Bit Server VM (25.151-b12) for windows-amd64 JRE (1.8.0_151-b12), built on Sep  5 2017 19:33:46 by "java_re" with MS VC++ 10.0 (VS2010)

time: Wed Jul 18 14:20:13 2018
elapsed time: 0 seconds (0d 0h 0m 0s)

